Log file open, 01/30/18 21:38:01
LogWindows: Failed to load 'aqProf.dll' (GetLastError=126)
LogWindows: File 'aqProf.dll' does not exist
LogWindows: Failed to load 'VSPerf140.dll' (GetLastError=126)
LogWindows: File 'VSPerf140.dll' does not exist
LogWindows: Failed to load 'VtuneApi.dll' (GetLastError=126)
LogWindows: File 'VtuneApi.dll' does not exist
LogWindows: Failed to load 'VtuneApi32e.dll' (GetLastError=126)
LogWindows: File 'VtuneApi32e.dll' does not exist
LogInit: Display: Running engine for game: NewGame1
LogPlatformFile: Not using cached read wrapper
LogInit: Display: RandInit(923251359) SRandInit(923251359).
LogInit: Read version file with build ID '3709383'
LogInit: Overriding engine version to CL 3832480, compatible CL 3709383
LogInit: Registered custom module enumerator with build ID '3709383'
LogTaskGraph: Started task graph with 5 named threads and 14 total threads with 3 sets of task threads.
LogStats: Stats thread started at 0.191377
LogD3D11RHI: Aftermath initialized
LogModuleManager: Display: Found up-to-date module file ../../../Engine/Plugins/2D/Paper2D/Binaries/Win64/UE4Editor-Paper2D.dll (API version 3709383).
LogModuleManager: Display: Found up-to-date module file ../../../Engine/Plugins/2D/Paper2D/Binaries/Win64/UE4Editor-Paper2DEditor.dll (API version 3709383).
LogModuleManager: Display: Found up-to-date module file ../../../Engine/Plugins/2D/Paper2D/Binaries/Win64/UE4Editor-PaperSpriteSheetImporter.dll (API version 3709383).
LogModuleManager: Display: Found up-to-date module file ../../../Engine/Plugins/2D/Paper2D/Binaries/Win64/UE4Editor-PaperTiledImporter.dll (API version 3709383).
LogModuleManager: Display: Found up-to-date module file ../../../Engine/Plugins/2D/Paper2D/Binaries/Win64/UE4Editor-SmartSnapping.dll (API version 3709383).
LogModuleManager: Display: Found up-to-date module file ../../../Engine/Plugins/Blendables/LightPropagationVolume/Binaries/Win64/UE4Editor-LightPropagationVolumeRuntime.dll (API version 3709383).
LogModuleManager: Display: Found up-to-date module file ../../../Engine/Plugins/Blendables/LightPropagationVolume/Binaries/Win64/UE4Editor-LightPropagationVolumeEditor.dll (API version 3709383).
LogModuleManager: Display: Found up-to-date module file ../../../Engine/Plugins/Developer/GitSourceControl/Binaries/Win64/UE4Editor-GitSourceControl.dll (API version 3709383).
LogModuleManager: Display: Found up-to-date module file ../../../Engine/Plugins/Developer/PerforceSourceControl/Binaries/Win64/UE4Editor-PerforceSourceControl.dll (API version 3709383).
LogModuleManager: Display: Found up-to-date module file ../../../Engine/Plugins/Developer/SubversionSourceControl/Binaries/Win64/UE4Editor-SubversionSourceControl.dll (API version 3709383).
LogModuleManager: Display: Found up-to-date module file ../../../Engine/Plugins/Developer/UObjectPlugin/Binaries/Win64/UE4Editor-UObjectPlugin.dll (API version 3709383).
LogModuleManager: Display: Found up-to-date module file ../../../Engine/Plugins/Developer/VisualStudioCodeSourceCodeAccess/Binaries/Win64/UE4Editor-VisualStudioCodeSourceCodeAccess.dll (API version 3709383).
LogModuleManager: Display: Found up-to-date module file ../../../Engine/Plugins/Developer/VisualStudioSourceCodeAccess/Binaries/Win64/UE4Editor-VisualStudioSourceCodeAccess.dll (API version 3709383).
LogModuleManager: Display: Found up-to-date module file ../../../Engine/Plugins/Editor/AssetManagerEditor/Binaries/Win64/UE4Editor-AssetManagerEditor.dll (API version 3709383).
LogModuleManager: Display: Found up-to-date module file ../../../Engine/Plugins/Editor/AudioCapture/Binaries/Win64/UE4Editor-AudioCapture.dll (API version 3709383).
LogModuleManager: Display: Found up-to-date module file ../../../Engine/Plugins/Editor/FacialAnimation/Binaries/Win64/UE4Editor-FacialAnimation.dll (API version 3709383).
LogModuleManager: Display: Found up-to-date module file ../../../Engine/Plugins/Editor/FacialAnimation/Binaries/Win64/UE4Editor-FacialAnimationEditor.dll (API version 3709383).
LogModuleManager: Display: Found up-to-date module file ../../../Engine/Plugins/Editor/GameplayTagsEditor/Binaries/Win64/UE4Editor-GameplayTagsEditor.dll (API version 3709383).
LogModuleManager: Display: Found up-to-date module file ../../../Engine/Plugins/Editor/MobileLauncherProfileWizard/Binaries/Win64/UE4Editor-MobileLauncherProfileWizard.dll (API version 3709383).
LogModuleManager: Display: Found up-to-date module file ../../../Engine/Plugins/Editor/PluginBrowser/Binaries/Win64/UE4Editor-PluginBrowser.dll (API version 3709383).
LogModuleManager: Display: Found up-to-date module file ../../../Engine/Plugins/Editor/SpeedTreeImporter/Binaries/Win64/UE4Editor-SpeedTreeImporter.dll (API version 3709383).
LogModuleManager: Display: Found up-to-date module file ../../../Engine/Plugins/Experimental/AlembicImporter/Binaries/Win64/UE4Editor-AlembicImporter.dll (API version 3709383).
LogModuleManager: Display: Found up-to-date module file ../../../Engine/Plugins/Experimental/AlembicImporter/Binaries/Win64/UE4Editor-AlembicLibrary.dll (API version 3709383).
LogModuleManager: Display: Found up-to-date module file ../../../Engine/Plugins/Experimental/CharacterAI/Binaries/Win64/UE4Editor-CharacterAI.dll (API version 3709383).
LogModuleManager: Display: Found up-to-date module file ../../../Engine/Plugins/Experimental/HTML5Networking/Binaries/Win64/UE4Editor-HTML5Networking.dll (API version 3709383).
LogModuleManager: Display: Found up-to-date module file ../../../Engine/Plugins/Media/AndroidMedia/Binaries/Win64/UE4Editor-AndroidMediaEditor.dll (API version 3709383).
LogModuleManager: Display: Found up-to-date module file ../../../Engine/Plugins/Media/AndroidMedia/Binaries/Win64/UE4Editor-AndroidMediaFactory.dll (API version 3709383).
LogModuleManager: Display: Found up-to-date module file ../../../Engine/Plugins/Media/AvfMedia/Binaries/Win64/UE4Editor-AvfMediaEditor.dll (API version 3709383).
LogModuleManager: Display: Found up-to-date module file ../../../Engine/Plugins/Media/AvfMedia/Binaries/Win64/UE4Editor-AvfMediaFactory.dll (API version 3709383).
LogModuleManager: Display: Found up-to-date module file ../../../Engine/Plugins/Media/AvfMedia/Binaries/Win64/UE4Editor-AvfMediaFactory.dll (API version 3709383).
LogModuleManager: Display: Found up-to-date module file ../../../Engine/Plugins/Media/ImgMedia/Binaries/Win64/UE4Editor-ImgMedia.dll (API version 3709383).
LogModuleManager: Display: Found up-to-date module file ../../../Engine/Plugins/Media/ImgMedia/Binaries/Win64/UE4Editor-ImgMediaEditor.dll (API version 3709383).
LogModuleManager: Display: Found up-to-date module file ../../../Engine/Plugins/Media/ImgMedia/Binaries/Win64/UE4Editor-ImgMediaFactory.dll (API version 3709383).
LogModuleManager: Display: Found up-to-date module file ../../../Engine/Plugins/Media/ImgMedia/Binaries/Win64/UE4Editor-ImgMediaFactory.dll (API version 3709383).
LogModuleManager: Display: Found up-to-date module file ../../../Engine/Plugins/Media/ImgMedia/Binaries/Win64/UE4Editor-OpenExrWrapper.dll (API version 3709383).
LogModuleManager: Display: Found up-to-date module file ../../../Engine/Plugins/Media/MediaCompositing/Binaries/Win64/UE4Editor-MediaCompositing.dll (API version 3709383).
LogModuleManager: Display: Found up-to-date module file ../../../Engine/Plugins/Media/MediaCompositing/Binaries/Win64/UE4Editor-MediaCompositingEditor.dll (API version 3709383).
LogModuleManager: Display: Found up-to-date module file ../../../Engine/Plugins/Media/MediaPlayerEditor/Binaries/Win64/UE4Editor-MediaPlayerEditor.dll (API version 3709383).
LogModuleManager: Display: Found up-to-date module file ../../../Engine/Plugins/Media/WmfMedia/Binaries/Win64/UE4Editor-WmfMedia.dll (API version 3709383).
LogModuleManager: Display: Found up-to-date module file ../../../Engine/Plugins/Media/WmfMedia/Binaries/Win64/UE4Editor-WmfMediaEditor.dll (API version 3709383).
LogModuleManager: Display: Found up-to-date module file ../../../Engine/Plugins/Media/WmfMedia/Binaries/Win64/UE4Editor-WmfMediaFactory.dll (API version 3709383).
LogModuleManager: Display: Found up-to-date module file ../../../Engine/Plugins/Media/WmfMedia/Binaries/Win64/UE4Editor-WmfMediaFactory.dll (API version 3709383).
LogModuleManager: Display: Found up-to-date module file ../../../Engine/Plugins/Messaging/TcpMessaging/Binaries/Win64/UE4Editor-TcpMessaging.dll (API version 3709383).
LogModuleManager: Display: Found up-to-date module file ../../../Engine/Plugins/Messaging/UdpMessaging/Binaries/Win64/UE4Editor-UdpMessaging.dll (API version 3709383).
LogModuleManager: Display: Found up-to-date module file ../../../Engine/Plugins/MovieScene/ActorSequence/Binaries/Win64/UE4Editor-ActorSequence.dll (API version 3709383).
LogModuleManager: Display: Found up-to-date module file ../../../Engine/Plugins/MovieScene/LevelSequenceEditor/Binaries/Win64/UE4Editor-LevelSequenceEditor.dll (API version 3709383).
LogModuleManager: Display: Found up-to-date module file ../../../Engine/Plugins/MovieScene/MatineeToLevelSequence/Binaries/Win64/UE4Editor-MatineeToLevelSequence.dll (API version 3709383).
LogModuleManager: Display: Found up-to-date module file ../../../Engine/Plugins/Online/OnlineSubsystem/Binaries/Win64/UE4Editor-OnlineSubsystem.dll (API version 3709383).
LogModuleManager: Display: Found up-to-date module file ../../../Engine/Plugins/Runtime/AndroidPermission/Binaries/Win64/UE4Editor-AndroidPermission.dll (API version 3709383).
LogModuleManager: Display: Found up-to-date module file ../../../Engine/Plugins/Online/OnlineSubsystemNull/Binaries/Win64/UE4Editor-OnlineSubsystemNull.dll (API version 3709383).
LogModuleManager: Display: Found up-to-date module file ../../../Engine/Plugins/Online/OnlineSubsystemUtils/Binaries/Win64/UE4Editor-OnlineSubsystemUtils.dll (API version 3709383).
LogModuleManager: Display: Found up-to-date module file ../../../Engine/Plugins/Online/OnlineSubsystemUtils/Binaries/Win64/UE4Editor-OnlineBlueprintSupport.dll (API version 3709383).
LogModuleManager: Display: Found up-to-date module file ../../../Engine/Plugins/Runtime/AndroidDeviceProfileSelector/Binaries/Win64/UE4Editor-AndroidDeviceProfileSelector.dll (API version 3709383).
LogModuleManager: Display: Found up-to-date module file ../../../Engine/Plugins/Runtime/AppleARKit/Binaries/Win64/UE4Editor-AppleARKit.dll (API version 3709383).
LogModuleManager: Display: Found up-to-date module file ../../../Engine/Plugins/Runtime/ArchVisCharacter/Binaries/Win64/UE4Editor-ArchVisCharacter.dll (API version 3709383).
LogModuleManager: Display: Found up-to-date module file ../../../Engine/Plugins/Runtime/CableComponent/Binaries/Win64/UE4Editor-CableComponent.dll (API version 3709383).
LogModuleManager: Display: Found up-to-date module file ../../../Engine/Plugins/Runtime/CustomMeshComponent/Binaries/Win64/UE4Editor-CustomMeshComponent.dll (API version 3709383).
LogModuleManager: Display: Found up-to-date module file ../../../Engine/Plugins/Runtime/ExampleDeviceProfileSelector/Binaries/Win64/UE4Editor-ExampleDeviceProfileSelector.dll (API version 3709383).
LogModuleManager: Display: Found up-to-date module file ../../../Engine/Plugins/Runtime/ImmediatePhysics/Binaries/Win64/UE4Editor-ImmediatePhysics.dll (API version 3709383).
LogModuleManager: Display: Found up-to-date module file ../../../Engine/Plugins/Runtime/ImmediatePhysics/Binaries/Win64/UE4Editor-ImmediatePhysicsEditor.dll (API version 3709383).
LogModuleManager: Display: Found up-to-date module file ../../../Engine/Plugins/Runtime/LocationServicesBPLibrary/Binaries/Win64/UE4Editor-LocationServicesBPLibrary.dll (API version 3709383).
LogModuleManager: Display: Found up-to-date module file ../../../Engine/Plugins/Runtime/MobilePatchingUtils/Binaries/Win64/UE4Editor-MobilePatchingUtils.dll (API version 3709383).
LogModuleManager: Display: Found up-to-date module file ../../../Engine/Plugins/Runtime/Oculus/OculusVR/Binaries/Win64/UE4Editor-OculusHMD.dll (API version 3709383).
LogModuleManager: Display: Found up-to-date module file ../../../Engine/Plugins/Runtime/Oculus/OculusVR/Binaries/Win64/UE4Editor-OculusInput.dll (API version 3709383).
LogModuleManager: Display: Found up-to-date module file ../../../Engine/Plugins/Runtime/Oculus/OculusVR/Binaries/Win64/UE4Editor-OculusEditor.dll (API version 3709383).
LogModuleManager: Display: Found up-to-date module file ../../../Engine/Plugins/Runtime/PhysXVehicles/Binaries/Win64/UE4Editor-PhysXVehicles.dll (API version 3709383).
LogModuleManager: Display: Found up-to-date module file ../../../Engine/Plugins/Runtime/PhysXVehicles/Binaries/Win64/UE4Editor-PhysXVehiclesEditor.dll (API version 3709383).
LogModuleManager: Display: Found up-to-date module file ../../../Engine/Plugins/Runtime/ProceduralMeshComponent/Binaries/Win64/UE4Editor-ProceduralMeshComponent.dll (API version 3709383).
LogModuleManager: Display: Found up-to-date module file ../../../Engine/Plugins/Runtime/ProceduralMeshComponent/Binaries/Win64/UE4Editor-ProceduralMeshComponentEditor.dll (API version 3709383).
LogModuleManager: Display: Found up-to-date module file ../../../Engine/Plugins/Runtime/RuntimePhysXCooking/Binaries/Win64/UE4Editor-RuntimePhysXCooking.dll (API version 3709383).
LogModuleManager: Display: Found up-to-date module file ../../../Engine/Plugins/Runtime/Steam/SteamVR/Binaries/Win64/UE4Editor-SteamVR.dll (API version 3709383).
LogModuleManager: Display: Found up-to-date module file ../../../Engine/Plugins/Runtime/Steam/SteamVR/Binaries/Win64/UE4Editor-SteamVRController.dll (API version 3709383).
LogModuleManager: Display: Found up-to-date module file ../../../Engine/Plugins/Runtime/WindowsMoviePlayer/Binaries/Win64/UE4Editor-WindowsMoviePlayer.dll (API version 3709383).
LogPluginManager: Mounting plugin Paper2D
LogPluginManager: Mounting plugin LightPropagationVolume
LogPluginManager: Mounting plugin CodeLiteSourceCodeAccess
LogPluginManager: Mounting plugin GitSourceControl
LogPluginManager: Mounting plugin KDevelopSourceCodeAccess
LogPluginManager: Mounting plugin NullSourceCodeAccess
LogPluginManager: Mounting plugin PerforceSourceControl
LogPluginManager: Mounting plugin SubversionSourceControl
LogPluginManager: Mounting plugin UObjectPlugin
LogPluginManager: Mounting plugin VisualStudioCodeSourceCodeAccess
LogPluginManager: Mounting plugin VisualStudioSourceCodeAccess
LogPluginManager: Mounting plugin XCodeSourceCodeAccess
LogPluginManager: Mounting plugin AssetManagerEditor
LogPluginManager: Mounting plugin AudioCapture
LogPluginManager: Mounting plugin FacialAnimation
LogPluginManager: Mounting plugin GameplayTagsEditor
LogPluginManager: Mounting plugin MobileLauncherProfileWizard
LogPluginManager: Mounting plugin PluginBrowser
LogPluginManager: Mounting plugin SpeedTreeImporter
LogPluginManager: Mounting plugin AlembicImporter
LogPluginManager: Mounting plugin CharacterAI
LogPluginManager: Mounting plugin HTML5Networking
LogPluginManager: Mounting plugin AndroidMedia
LogPluginManager: Mounting plugin AvfMedia
LogPluginManager: Mounting plugin ImgMedia
LogPluginManager: Mounting plugin MediaCompositing
LogPluginManager: Mounting plugin MediaPlayerEditor
LogPluginManager: Mounting plugin WmfMedia
LogPluginManager: Mounting plugin TcpMessaging
LogPluginManager: Mounting plugin UdpMessaging
LogPluginManager: Mounting plugin ActorSequence
LogPluginManager: Mounting plugin LevelSequenceEditor
LogPluginManager: Mounting plugin MatineeToLevelSequence
LogPluginManager: Mounting plugin OnlineSubsystemGooglePlay
LogPluginManager: Mounting plugin OnlineSubsystemIOS
LogPluginManager: Mounting plugin OnlineSubsystem
LogPluginManager: Mounting plugin OnlineSubsystemNull
LogPluginManager: Mounting plugin OnlineSubsystemUtils
LogPluginManager: Mounting plugin AndroidDeviceProfileSelector
LogPluginManager: Mounting plugin AndroidMoviePlayer
LogPluginManager: Mounting plugin AndroidPermission
LogPluginManager: Mounting plugin AppleARKit
LogPluginManager: Mounting plugin AppleMoviePlayer
LogPluginManager: Mounting plugin ArchVisCharacter
LogPluginManager: Mounting plugin CableComponent
LogPluginManager: Mounting plugin CustomMeshComponent
LogPluginManager: Mounting plugin ExampleDeviceProfileSelector
LogPluginManager: Mounting plugin GoogleCloudMessaging
LogPluginManager: Mounting plugin ImmediatePhysics
LogPluginManager: Mounting plugin IOSDeviceProfileSelector
LogPluginManager: Mounting plugin LinuxDeviceProfileSelector
LogPluginManager: Mounting plugin LocationServicesBPLibrary
LogPluginManager: Mounting plugin MobilePatchingUtils
LogPluginManager: Mounting plugin OculusVR
LogPluginManager: Plugin shader directory ../../../Engine/Plugins/Runtime/Oculus/OculusVR/Shaders found
LogPluginManager: Mapping shader source directory ../../../Engine/Plugins/Runtime/Oculus/OculusVR/Shaders to virtual directory /Plugin/OculusVR
LogPluginManager: Mounting plugin PhysXVehicles
LogPluginManager: Mounting plugin ProceduralMeshComponent
LogPluginManager: Mounting plugin RuntimePhysXCooking
LogPluginManager: Mounting plugin SteamVR
LogPluginManager: Mounting plugin WindowsMoviePlayer
LogInit: Using libcurl 7.47.1
LogInit:  - built for x86_64-pc-win32
LogInit:  - supports SSL with OpenSSL/1.0.2g
LogInit:  - supports HTTP deflate (compression) using libz 1.2.8
LogInit:  - other features:
LogInit:      CURL_VERSION_SSL
LogInit:      CURL_VERSION_LIBZ
LogInit:      CURL_VERSION_IPV6
LogInit:      CURL_VERSION_ASYNCHDNS
LogInit:      CURL_VERSION_LARGEFILE
LogInit:      CURL_VERSION_IDN
LogInit:  CurlRequestOptions (configurable via config and command line):
LogInit:  - bVerifyPeer = false  - Libcurl will NOT verify peer certificate
LogInit:  - bUseHttpProxy = false  - Libcurl will NOT use HTTP proxy
LogInit:  - bDontReuseConnections = false  - Libcurl will reuse connections
LogInit:  - CertBundlePath = nullptr  - Libcurl will use whatever was configured at build time.
LogInit: Build: ++UE4+Release-4.18-CL-3832480
LogInit: Engine Version: 4.18.3-3832480+++UE4+Release-4.18
LogInit: Compatible Engine Version: 4.18.0-3709383+++UE4+Release-4.18
LogInit: Net CL: 3709383
LogDevObjectVersion: Number of dev versions registered: 16
LogDevObjectVersion:   Dev-Blueprints (B0D832E4-1F89-4F0D-ACCF-7EB736FD4AA2): 10
LogDevObjectVersion:   Dev-Build (E1C64328-A22C-4D53-A36C-8E866417BD8C): 0
LogDevObjectVersion:   Dev-Core (375EC13C-06E4-48FB-B500-84F0262A717E): 2
LogDevObjectVersion:   Dev-Editor (E4B068ED-F494-42E9-A231-DA0B2E46BB41): 20
LogDevObjectVersion:   Dev-Framework (CFFC743F-43B0-4480-9391-14DF171D2073): 30
LogDevObjectVersion:   Dev-Mobile (B02B49B5-BB20-44E9-A304-32B752E40360): 0
LogDevObjectVersion:   Dev-Networking (A4E4105C-59A1-49B5-A7C5-40C4547EDFEE): 0
LogDevObjectVersion:   Dev-Online (39C831C9-5AE6-47DC-9A44-9C173E1C8E7C): 0
LogDevObjectVersion:   Dev-Physics (78F01B33-EBEA-4F98-B9B4-84EACCB95AA2): 0
LogDevObjectVersion:   Dev-Platform (6631380F-2D4D-43E0-8009-CF276956A95A): 0
LogDevObjectVersion:   Dev-Rendering (12F88B9F-8875-4AFC-A67C-D90C383ABD29): 20
LogDevObjectVersion:   Dev-Sequencer (7B5AE74C-D270-4C10-A958-57980B212A5A): 4
LogDevObjectVersion:   Dev-VR (D7296918-1DD6-4BDD-9DE2-64A83CC13884): 0
LogDevObjectVersion:   Dev-LoadTimes (C2A15278-BFE7-4AFE-6C17-90FF531DF755): 1
LogDevObjectVersion:   Private-Geometry (6EACA3D4-40EC-4CC1-B786-8BED09428FC5): 1
LogDevObjectVersion:   Dev-AnimPhys (29E575DD-E0A3-4627-9D10-D276232CDCEA): 12
LogInit: Compiled (64-bit): Jan 12 2018 02:04:55
LogInit: Compiled with Visual C++: 19.00.24215.01
LogInit: Build Configuration: Development
LogInit: Branch Name: ++UE4+Release-4.18
LogInit: Command line:  
LogInit: Base directory: C:/Program Files/Epic Games/UE_4.18/Engine/Binaries/Win64/
LogInit: Installed Engine Build: 1
LogInit: Presizing for max 8388607 objects, including 0 objects not considered by GC, pre-allocating 0 bytes for permanent pool.
LogInit: Object subsystem initialized
[2018.01.31-02.38.02:842][  0]LogInit: Selected Device Profile: [Windows]
[2018.01.31-02.38.02:842][  0]LogInit: Applying CVar settings loaded from the selected device profile: [Windows]
[2018.01.31-02.38.02:888][  0]LogInit: Computer: RYAN
[2018.01.31-02.38.02:888][  0]LogInit: User: Ryan
[2018.01.31-02.38.02:888][  0]LogInit: CPU Page size=4096, Cores=4
[2018.01.31-02.38.02:888][  0]LogInit: High frequency timer resolution =2.648441 MHz
[2018.01.31-02.38.02:888][  0]LogMemory: Memory total: Physical=15.9GB (16GB approx)
[2018.01.31-02.38.02:888][  0]LogMemory: Platform Memory Stats for Windows
[2018.01.31-02.38.02:888][  0]LogMemory: Process Physical Memory: 279.41 MB used, 279.41 MB peak
[2018.01.31-02.38.02:888][  0]LogMemory: Process Virtual Memory: 278.18 MB used, 278.18 MB peak
[2018.01.31-02.38.02:888][  0]LogMemory: Physical Memory: 5804.12 MB used,  10505.75 MB free, 16309.86 MB total
[2018.01.31-02.38.02:888][  0]LogMemory: Virtual Memory: 736.79 MB used,  10505.75 MB free, 134217728.00 MB total
[2018.01.31-02.38.03:045][  0]LogInit: Using OS detected language (en-US).
[2018.01.31-02.38.03:045][  0]LogInit: Using OS detected locale (en-US).
[2018.01.31-02.38.03:049][  0]LogTextLocalizationManager: No specific localization for 'en-US' exists, so the 'en' localization will be used.
[2018.01.31-02.38.03:598][  0]LogInit: Setting process to per monitor DPI aware
[2018.01.31-02.38.07:849][  0]LogD3D11RHI: D3D11 adapters:
[2018.01.31-02.38.07:884][  0]LogD3D11RHI:    0. 'NVIDIA GeForce GTX 970' (Feature Level 11_0)
[2018.01.31-02.38.07:884][  0]LogD3D11RHI:       4058/0/8154 MB DedicatedVideo/DedicatedSystem/SharedSystem, Outputs:2, VendorId:0x10de
[2018.01.31-02.38.07:886][  0]LogD3D11RHI:    1. 'Microsoft Basic Render Driver' (Feature Level 11_0)
[2018.01.31-02.38.07:886][  0]LogD3D11RHI:       0/0/8154 MB DedicatedVideo/DedicatedSystem/SharedSystem, Outputs:0, VendorId:0x1414
[2018.01.31-02.38.07:886][  0]LogD3D11RHI: Chosen D3D11 Adapter: 0
[2018.01.31-02.38.07:898][  0]LogD3D11RHI: Creating new Direct3DDevice
[2018.01.31-02.38.07:898][  0]LogD3D11RHI:     GPU DeviceId: 0x13c2 (for the marketing name, search the web for "GPU Device Id")
[2018.01.31-02.38.07:898][  0]LogWindows: EnumDisplayDevices:
[2018.01.31-02.38.07:898][  0]LogWindows:    0. 'NVIDIA GeForce GTX 970' (P:1 D:1)
[2018.01.31-02.38.07:898][  0]LogWindows:    1. 'NVIDIA GeForce GTX 970' (P:0 D:1)
[2018.01.31-02.38.07:899][  0]LogWindows:    2. 'NVIDIA GeForce GTX 970' (P:0 D:0)
[2018.01.31-02.38.07:899][  0]LogWindows:    3. 'NVIDIA GeForce GTX 970' (P:0 D:0)
[2018.01.31-02.38.07:899][  0]LogWindows: DebugString: GetVideoDriverDetailsInvalid PrimaryIsNotTheChoosenAdapter GetVideoDriverDetailsInvalid PrimaryIsNotTheChoosenAdapter GetVideoDriverDetailsInvalid PrimaryIsNotTheChoosenAdapter GetVideoDriverDetailsInvalid PrimaryIsNotTheChoosenAdapter FoundDriverCount:0 
[2018.01.31-02.38.07:899][  0]LogD3D11RHI:     Adapter Name: NVIDIA GeForce GTX 970
[2018.01.31-02.38.07:899][  0]LogD3D11RHI:   Driver Version: Unknown (internal:Unknown, unified:Unknown)
[2018.01.31-02.38.07:899][  0]LogD3D11RHI:      Driver Date: Unknown
[2018.01.31-02.38.07:899][  0]LogRHI: Texture pool is 2840 MB (70% of 4058 MB)
[2018.01.31-02.38.07:922][  0]LogD3D11RHI: Async texture creation enabled
[2018.01.31-02.38.07:937][  0]LogD3D11RHI: GPU Timing Frequency: 1000.000000 (Debug: 2 1)
[2018.01.31-02.38.07:981][  0]LogShaderCompilers: Guid format shader working directory is -41 characters bigger than the processId version (../../../../../../Users/Ryan/Documents/Unreal Projects/Twisted_Fate/NewGame1/NewGame1/Intermediate/Shaders/WorkingDirectory/27132/).
[2018.01.31-02.38.07:981][  0]LogShaderCompilers: Cleaned the shader compiler working directory 'C:/Users/Ryan/AppData/Local/Temp/UnrealShaderWorkingDir/CD86D5B349B5D3ECAC79478AC160A494/'.
[2018.01.31-02.38.07:981][  0]LogShaderCompilers: Display: Using Local Shader Compiler.
[2018.01.31-02.38.12:659][  0]LogTemp: Display: Loaded TP AllDesktopTargetPlatform
[2018.01.31-02.38.12:722][  0]LogTemp: Display: Loaded TP MacClientTargetPlatform
[2018.01.31-02.38.12:780][  0]LogTemp: Display: Loaded TP MacNoEditorTargetPlatform
[2018.01.31-02.38.12:838][  0]LogTemp: Display: Loaded TP MacServerTargetPlatform
[2018.01.31-02.38.12:926][  0]LogTemp: Display: Loaded TP MacTargetPlatform
[2018.01.31-02.38.12:982][  0]LogTemp: Display: Loaded TP WindowsClientTargetPlatform
[2018.01.31-02.38.13:042][  0]LogTemp: Display: Loaded TP WindowsNoEditorTargetPlatform
[2018.01.31-02.38.13:099][  0]LogTemp: Display: Loaded TP WindowsServerTargetPlatform
[2018.01.31-02.38.13:149][  0]LogTemp: Display: Loaded TP WindowsTargetPlatform
[2018.01.31-02.38.13:204][  0]LogTemp: Display: Loaded TP Android_ASTCTargetPlatform
[2018.01.31-02.38.13:259][  0]LogTemp: Display: Loaded TP Android_ATCTargetPlatform
[2018.01.31-02.38.13:313][  0]LogTemp: Display: Loaded TP Android_DXTTargetPlatform
[2018.01.31-02.38.13:368][  0]LogTemp: Display: Loaded TP Android_ETC1TargetPlatform
[2018.01.31-02.38.13:422][  0]LogTemp: Display: Loaded TP Android_ETC2TargetPlatform
[2018.01.31-02.38.13:531][  0]LogTemp: Display: Loaded TP Android_MultiTargetPlatform
[2018.01.31-02.38.13:531][  0]LogTemp: Display: Loaded TP Android_PVRTCTargetPlatform
[2018.01.31-02.38.13:614][  0]LogTemp: Display: Loaded TP AndroidTargetPlatform
[2018.01.31-02.38.13:658][  0]LogTemp: Display: Loaded TP HTML5TargetPlatform
[2018.01.31-02.38.13:843][  0]LogTemp: Display: Loaded TP IOSTargetPlatform
[2018.01.31-02.38.13:872][  0]LogTemp: Display: Loaded TP TVOSTargetPlatform
[2018.01.31-02.38.13:929][  0]LogTemp: Display: Loaded TP LinuxClientTargetPlatform
[2018.01.31-02.38.13:984][  0]LogTemp: Display: Loaded TP LinuxNoEditorTargetPlatform
[2018.01.31-02.38.14:040][  0]LogTemp: Display: Loaded TP LinuxServerTargetPlatform
[2018.01.31-02.38.14:112][  0]LogTemp: Display: Loaded TP LinuxTargetPlatform
[2018.01.31-02.38.14:112][  0]LogTargetPlatformManager: Display: Building Assets For Windows
[2018.01.31-02.38.14:640][  0]LogDerivedDataCache: Display: Max Cache Size: 512 MB
[2018.01.31-02.38.14:970][  0]LogDerivedDataCache: Loaded boot cache 0.33s 78MB C:/Users/Ryan/AppData/Local/UnrealEngine/4.18/DerivedDataCache/Boot.ddc.
[2018.01.31-02.38.14:970][  0]LogDerivedDataCache: Display: Loaded Boot cache: C:/Users/Ryan/AppData/Local/UnrealEngine/4.18/DerivedDataCache/Boot.ddc
[2018.01.31-02.38.14:970][  0]LogDerivedDataCache: FDerivedDataBackendGraph:  Pak pak cache file ../../../../../../Users/Ryan/Documents/Unreal Projects/Twisted_Fate/NewGame1/NewGame1/DerivedDataCache/DDC.ddp not found, will not use a pak cache.
[2018.01.31-02.38.14:970][  0]LogDerivedDataCache: Unable to find inner node Pak for hierarchical cache Hierarchy.
[2018.01.31-02.38.14:970][  0]LogDerivedDataCache: FDerivedDataBackendGraph:  CompressedPak pak cache file ../../../../../../Users/Ryan/Documents/Unreal Projects/Twisted_Fate/NewGame1/NewGame1/DerivedDataCache/Compressed.ddp not found, will not use a pak cache.
[2018.01.31-02.38.14:970][  0]LogDerivedDataCache: Unable to find inner node CompressedPak for hierarchical cache Hierarchy.
[2018.01.31-02.38.14:987][  0]LogDerivedDataCache: Display: Pak cache opened for reading ../../../Engine/DerivedDataCache/Compressed.ddp.
[2018.01.31-02.38.14:998][  0]LogDerivedDataCache: Using Local data cache path C:/Users/Ryan/AppData/Local/UnrealEngine/Common/DerivedDataCache: Writable
[2018.01.31-02.38.15:009][  0]LogMaterial: Verifying Global Shaders for PCD3D_SM5
[2018.01.31-02.38.15:009][  0]LogSlate: Using Freetype 2.6.0
[2018.01.31-02.38.15:048][  0]LogSlate: SlateFontCache - WITH_FREETYPE: 1, WITH_HARFBUZZ: 1
[2018.01.31-02.38.15:048][  0]LogSlate: SlateFontCache - WITH_FREETYPE: 1, WITH_HARFBUZZ: 1
[2018.01.31-02.38.16:833][  0]LogInit: Selected Device Profile: [Windows]
[2018.01.31-02.38.17:216][  0]LogSimplygon: Simplygon DLL not present - disabling.
[2018.01.31-02.38.17:261][  0]LogMeshReduction: Using SimplygonSwarm for distributed automatic mesh merging
[2018.01.31-02.38.17:261][  0]LogMeshReduction: Using QuadricMeshReduction for automatic static mesh reduction
[2018.01.31-02.38.17:261][  0]LogMeshReduction: No automatic skeletal mesh reduction module available
[2018.01.31-02.38.17:262][  0]LogMeshReduction: No automatic mesh merging module available
[2018.01.31-02.38.17:262][  0]LogMeshMerging: No automatic mesh merging module available
[2018.01.31-02.38.17:297][  0]LogNetVersion: NewGame1 , NetCL: 3709383, EngineNetVer: 2, GameNetVer: 0 (Checksum: 1181264459)
[2018.01.31-02.38.17:478][  0]LogAssetRegistry: FAssetRegistry took 0.0268 seconds to start up
[2018.01.31-02.38.18:025][  0]LogPackageLocalizationCache: Processed 7 localized package path(s) for 2 prioritized culture(s) in 0.072895 seconds
[2018.01.31-02.38.18:030][  0]LogUObjectArray: 35870 objects as part of root set at end of initial load.
[2018.01.31-02.38.18:030][  0]LogUObjectAllocator: 7363704 out of 0 bytes used by permanent object pool.
[2018.01.31-02.38.18:030][  0]LogUObjectArray: CloseDisregardForGC: 0/0 objects in disregard for GC pool
[2018.01.31-02.38.18:087][  0]LogInit: WinSock: version 1.1 (2.2), MaxSocks=32767, MaxUdp=65467
[2018.01.31-02.38.49:522][  0]LogTcpMessaging: Initializing TcpMessaging bridge
[2018.01.31-02.38.49:568][  0]LogUdpMessaging: Initializing bridge on interface 0.0.0.0:0 to multicast group 230.0.0.1:6666.
[2018.01.31-02.38.50:728][  0]LogMaterial: Uniform references updated for custom material expression Custom.
[2018.01.31-02.38.51:230][  0]SourceControl: Source control is disabled
[2018.01.31-02.38.51:230][  0]SourceControl: Source control is disabled
[2018.01.31-02.38.51:288][  0]SourceControl: Source control is disabled
[2018.01.31-02.38.51:346][  0]SourceControl: Source control is disabled
[2018.01.31-02.38.52:469][  0]LogAndroidPermission: UAndroidPermissionCallbackProxy::GetInstance
[2018.01.31-02.38.52:766][  0]LogOcInput: OculusInput pre-init called
[2018.01.31-02.38.53:121][  0]LogEngine: Initializing Engine...
[2018.01.31-02.38.53:123][  0]LogHMD: Oculus plugin initialized. Version: 4.18.3-3832480+++UE4+Release-4.18, OVRPlugin: 1.19.0
[2018.01.31-02.38.53:388][  0]LogStats: UGameplayTagsManager::ConstructGameplayTagTree: Construct from data asset -  0.000 s
[2018.01.31-02.38.53:388][  0]LogStats: UGameplayTagsManager::ConstructGameplayTagTree: GameplayTagTreeChangedEvent.Broadcast -  0.000 s
[2018.01.31-02.38.53:528][  0]LogAIModule: Creating AISystem for world Untitled
[2018.01.31-02.38.53:549][  0]LogInit: XAudio2 using 'Speakers (Realtek High Definition Audio)' : 2 channels at 48 kHz using 32 bits per sample (channel mask 0x3)
[2018.01.31-02.38.53:571][  0]LogInit: FAudioDevice initialized.
[2018.01.31-02.38.53:737][  0]LogDerivedDataCache: Saved boot cache 0.17s 78MB C:/Users/Ryan/AppData/Local/UnrealEngine/4.18/DerivedDataCache/Boot.ddc.
[2018.01.31-02.38.53:752][  0]LogInit: Texture streaming: Enabled
[2018.01.31-02.38.53:861][  0]LogEngineSessionManager: EngineSessionManager initialized
[2018.01.31-02.38.54:057][  0]LogInit: Transaction tracking system initialized
[2018.01.31-02.38.54:413][  0]BlueprintLog: New page: Editor Load
[2018.01.31-02.38.55:466][  0]LocalizationService: Localization service is disabled
[2018.01.31-02.38.56:561][  0]LogConsoleResponse: Display: 
[2018.01.31-02.38.57:423][  0]LogCook: Display: Max memory allowance for cook 16384mb min free memory 0mb
[2018.01.31-02.38.57:423][  0]LogCook: Display: Mobile HDR setting 1
[2018.01.31-02.38.57:423][  0]LogGameplayTags: Display: UGameplayTagsManager::DoneAddingNativeTags. DelegateIsBound: 0
[2018.01.31-02.38.57:837][  0]LogFileCache: Scanning file cache for directory 'C:/Users/Ryan/Documents/Unreal Projects/Twisted_Fate/NewGame1/NewGame1/Content/' took 0.02s
[2018.01.31-02.38.59:097][  0]SourceControl: Source control is disabled
[2018.01.31-02.38.59:097][  0]Cmd: MAP LOAD FILE="../../../../../../Users/Ryan/Documents/Unreal Projects/Twisted_Fate/NewGame1/NewGame1/Content/FirstPersonBP/Maps/FirstPersonExampleMap.umap" TEMPLATE=0 SHOWPROGRESS=1 FEATURELEVEL=3
[2018.01.31-02.38.59:138][  0]LightingResults: New page: Lighting Build
[2018.01.31-02.38.59:182][  0]MapCheck: New page: Map Check
[2018.01.31-02.38.59:182][  0]LightingResults: New page: Lighting Build
[2018.01.31-02.38.59:773][  0]LogLinker: Warning: Can't find file '/Game/FirstPersonBP/Maps/FirstPersonExampleMap_BuiltData'
[2018.01.31-02.38.59:784][  0]LogLinker: Warning: Can't find file for asset '/Game/FirstPersonBP/Maps/FirstPersonExampleMap_BuiltData' while loading ../../../../../../Users/Ryan/Documents/Unreal Projects/Twisted_Fate/NewGame1/NewGame1/Content/FirstPersonBP/Maps/FirstPersonExampleMap.umap.
[2018.01.31-02.38.59:784][  0]LoadErrors: Error: /Game/FirstPersonBP/Maps/FirstPersonExampleMap : Can't find file for asset. /Game/FirstPersonBP/Maps/FirstPersonExampleMap_BuiltData
[2018.01.31-02.38.59:793][  0]LogLinker: Warning: Can't find file '/Game/FirstPersonBP/Maps/FirstPersonExampleMap_BuiltData'
[2018.01.31-02.38.59:793][  0]LogLinker: Warning: Can't find file for asset '/Game/FirstPersonBP/Maps/FirstPersonExampleMap_BuiltData' while loading ../../../../../../Users/Ryan/Documents/Unreal Projects/Twisted_Fate/NewGame1/NewGame1/Content/FirstPersonBP/Maps/FirstPersonExampleMap.umap.
[2018.01.31-02.38.59:793][  0]LoadErrors: Error: /Game/FirstPersonBP/Maps/FirstPersonExampleMap : Can't find file for asset. /Game/FirstPersonBP/Maps/FirstPersonExampleMap_BuiltData
[2018.01.31-02.38.59:797][  0]LogLinker: Warning: Can't find file '/Game/FirstPersonBP/Maps/FirstPersonExampleMap_BuiltData'
[2018.01.31-02.38.59:797][  0]LogLinker: Warning: Can't find file for asset '/Game/FirstPersonBP/Maps/FirstPersonExampleMap_BuiltData' while loading NULL.
[2018.01.31-02.38.59:798][  0]LogLinker: Warning: Can't find file '/Game/FirstPersonBP/Maps/FirstPersonExampleMap_BuiltData'
[2018.01.31-02.38.59:798][  0]LogLinker: Warning: Can't find file for asset '/Game/FirstPersonBP/Maps/FirstPersonExampleMap_BuiltData' while loading NULL.
[2018.01.31-02.38.59:810][  0]LogLinker: Warning: Can't find file '/Game/FirstPersonBP/Maps/FirstPersonExampleMap_BuiltData'
[2018.01.31-02.38.59:810][  0]LoadErrors: Failed to load /Game/FirstPersonBP/Maps/FirstPersonExampleMap_BuiltData.FirstPersonExampleMap_BuiltData Referenced by PersistentLevel
[2018.01.31-02.38.59:810][  0]LogLinker: Warning: Can't find file for asset '/Game/FirstPersonBP/Maps/FirstPersonExampleMap_BuiltData' while loading NULL.
[2018.01.31-02.38.59:810][  0]LoadErrors: Failed to load /Game/FirstPersonBP/Maps/FirstPersonExampleMap_BuiltData.FirstPersonExampleMap_BuiltData Referenced by PersistentLevel
[2018.01.31-02.39.00:432][  0]LogAIModule: Creating AISystem for world FirstPersonExampleMap
[2018.01.31-02.39.00:493][  0]LogEditorServer: Finished looking for orphan Actors (0.000 secs)
[2018.01.31-02.39.00:507][  0]Cmd: MAP CHECKDEP NOCLEARLOG
[2018.01.31-02.39.00:563][  0]MapCheck: Map check complete: 0 Error(s), 0 Warning(s), took 56.199ms to complete.
[2018.01.31-02.39.00:563][  0]LogFileHelpers: Loading map 'FirstPersonExampleMap' took 1.466
[2018.01.31-02.39.00:838][  0]LogCollectionManager: Loaded 0 collections in 0.001781 seconds
[2018.01.31-02.39.00:928][  0]LogFileCache: Scanning file cache for directory 'C:/Users/Ryan/Documents/Unreal Projects/Twisted_Fate/NewGame1/NewGame1/Saved/Collections/' took 0.01s
[2018.01.31-02.39.00:928][  0]LogFileCache: Scanning file cache for directory 'C:/Users/Ryan/Documents/Unreal Projects/Twisted_Fate/NewGame1/NewGame1/Content/Developers/Ryan/Collections/' took 0.01s
[2018.01.31-02.39.00:928][  0]LogFileCache: Scanning file cache for directory 'C:/Users/Ryan/Documents/Unreal Projects/Twisted_Fate/NewGame1/NewGame1/Content/Collections/' took 0.01s
[2018.01.31-02.39.00:928][  0]LogCollectionManager: Rebuilt the GUID cache for 0 collections in 0.000000 seconds
[2018.01.31-02.39.00:936][  0]LogContentBrowser: Native class hierarchy populated in 0.0083 seconds. Added 2363 classes and 519 folders.
[2018.01.31-02.39.01:014][  0]LogContentBrowser: Native class hierarchy updated for 'WidgetCarousel' in 0.0002 seconds. Added 0 classes and 0 folders.
[2018.01.31-02.39.02:248][  0]LogContentBrowser: Native class hierarchy updated for 'AddContentDialog' in 0.0003 seconds. Added 0 classes and 0 folders.
[2018.01.31-02.39.02:301][  0]LogContentBrowser: Native class hierarchy updated for 'SceneOutliner' in 0.0003 seconds. Added 1 classes and 2 folders.
[2018.01.31-02.39.02:379][  0]LogSlate: Took 0.000183 seconds to synchronously load lazily loaded font '../../../Engine/Content/Slate/Fonts/Roboto-Regular.ttf' (155K)
[2018.01.31-02.39.02:383][  0]LogSlate: Took 0.001167 seconds to synchronously load lazily loaded font '../../../Engine/Content/Slate/Fonts/Roboto-Bold.ttf' (160K)
[2018.01.31-02.39.02:408][  0]LogSlate: Took 0.019777 seconds to synchronously load lazily loaded font '../../../Engine/Content/Editor/Slate/Fonts/FontAwesome.ttf' (139K)
[2018.01.31-02.39.02:555][  0]LogRenderer: Reallocating scene render targets to support 1208x532 Format 10 NumSamples 1 (Frame:1).
[2018.01.31-02.39.02:797][  0]LogContentBrowser: Native class hierarchy updated for 'HierarchicalLODOutliner' in 0.0003 seconds. Added 1 classes and 2 folders.
[2018.01.31-02.39.02:797][  0]LogLoad: (Engine Initialization) Total time: 64.30 seconds
[2018.01.31-02.39.02:797][  0]LogLoad: (Engine Initialization) Total Blueprint compile time: 0.00 seconds
[2018.01.31-02.39.02:797][  0]LogExternalProfiler: No external profilers were discovered.  External profiling features will not be available.
[2018.01.31-02.39.02:815][  0]LogOcInput: OculusInput is initialized
[2018.01.31-02.39.02:831][  0]LogContentStreaming: Texture pool size now 1000 MB
[2018.01.31-02.39.02:901][  0]LogSlate: Took 0.000173 seconds to synchronously load lazily loaded font '../../../Engine/Content/Slate/Fonts/Roboto-Light.ttf' (159K)
[2018.01.31-02.39.02:963][  1]LogAssetRegistry: Asset discovery search completed in 45.5074 seconds
[2018.01.31-02.39.02:965][  1]LogCollectionManager: Rebuilt the object cache for 0 collections in 0.000000 seconds (found 0 objects)
[2018.01.31-02.39.02:965][  1]LogCollectionManager: Fixed up redirectors for 0 collections in 0.000057 seconds (updated 0 objects)
[2018.01.31-02.39.50:073][ 34]LogSlate: Took 0.000157 seconds to synchronously load lazily loaded font '../../../Engine/Content/Slate/Fonts/Roboto-Light.ttf' (159K)
[2018.01.31-02.39.50:091][ 34]Cmd: MAP LOAD FILE="../../../../../../Users/Ryan/Documents/Unreal Projects/Twisted_Fate/NewGame1/NewGame1/Content/FirstPersonBP/Maps/FirstPersonExampleMap.umap" TEMPLATE=0 SHOWPROGRESS=1 FEATURELEVEL=3
[2018.01.31-02.39.50:091][ 34]LightingResults: New page: Lighting Build
[2018.01.31-02.39.50:091][ 34]LoadErrors: New page: Loading map: FirstPersonExampleMap.umap
[2018.01.31-02.39.50:092][ 34]MapCheck: New page: Map Check
[2018.01.31-02.39.50:092][ 34]LightingResults: New page: Lighting Build
[2018.01.31-02.39.50:108][ 34]LogLinker: Warning: Can't find file '/Game/FirstPersonBP/Maps/FirstPersonExampleMap_BuiltData'
[2018.01.31-02.39.50:109][ 34]LogLinker: Warning: Can't find file for asset '/Game/FirstPersonBP/Maps/FirstPersonExampleMap_BuiltData' while loading ../../../../../../Users/Ryan/Documents/Unreal Projects/Twisted_Fate/NewGame1/NewGame1/Content/FirstPersonBP/Maps/FirstPersonExampleMap.umap.
[2018.01.31-02.39.50:109][ 34]LoadErrors: Error: /Game/FirstPersonBP/Maps/FirstPersonExampleMap : Can't find file for asset. /Game/FirstPersonBP/Maps/FirstPersonExampleMap_BuiltData
[2018.01.31-02.39.50:112][ 34]LogLinker: Warning: Can't find file '/Game/FirstPersonBP/Maps/FirstPersonExampleMap_BuiltData'
[2018.01.31-02.39.50:112][ 34]LogLinker: Warning: Can't find file for asset '/Game/FirstPersonBP/Maps/FirstPersonExampleMap_BuiltData' while loading ../../../../../../Users/Ryan/Documents/Unreal Projects/Twisted_Fate/NewGame1/NewGame1/Content/FirstPersonBP/Maps/FirstPersonExampleMap.umap.
[2018.01.31-02.39.50:114][ 34]LogLinker: Warning: Can't find file '/Game/FirstPersonBP/Maps/FirstPersonExampleMap_BuiltData'
[2018.01.31-02.39.50:114][ 34]LogLinker: Warning: Can't find file for asset '/Game/FirstPersonBP/Maps/FirstPersonExampleMap_BuiltData' while loading NULL.
[2018.01.31-02.39.50:114][ 34]LogLinker: Warning: Can't find file '/Game/FirstPersonBP/Maps/FirstPersonExampleMap_BuiltData'
[2018.01.31-02.39.50:114][ 34]LogLinker: Warning: Can't find file for asset '/Game/FirstPersonBP/Maps/FirstPersonExampleMap_BuiltData' while loading NULL.
[2018.01.31-02.39.50:122][ 34]LogLinker: Warning: Can't find file '/Game/FirstPersonBP/Maps/FirstPersonExampleMap_BuiltData'
[2018.01.31-02.39.50:122][ 34]LoadErrors: Failed to load /Game/FirstPersonBP/Maps/FirstPersonExampleMap_BuiltData.FirstPersonExampleMap_BuiltData Referenced by PersistentLevel
[2018.01.31-02.39.50:122][ 34]LogLinker: Warning: Can't find file for asset '/Game/FirstPersonBP/Maps/FirstPersonExampleMap_BuiltData' while loading NULL.
[2018.01.31-02.39.50:232][ 34]LogAIModule: Creating AISystem for world FirstPersonExampleMap
[2018.01.31-02.39.50:300][ 34]LogEditorServer: Finished looking for orphan Actors (0.000 secs)
[2018.01.31-02.39.50:338][ 34]Cmd: MAP CHECKDEP NOCLEARLOG
[2018.01.31-02.39.50:398][ 34]MapCheck: Map check complete: 0 Error(s), 0 Warning(s), took 59.988ms to complete.
[2018.01.31-02.39.50:399][ 34]LogFileHelpers: Loading map 'FirstPersonExampleMap' took 0.309
[2018.01.31-02.40.12:094][604]LogEditorViewport: Clicking on Actor (LMB): StaticMeshActor (Floor)
[2018.01.31-02.40.21:129][610]LogSlate: Took 0.000174 seconds to synchronously load lazily loaded font '../../../Engine/Content/Slate/Fonts/Roboto-Light.ttf' (159K)
[2018.01.31-02.40.45:962][418]LogEditorViewport: Clicking on Actor (LMB): StaticMeshActor (EditorCube11)
[2018.01.31-02.40.57:876][792]LogEditorViewport: Clicking on Actor (context menu): StaticMeshActor (EditorCube11)
[2018.01.31-02.40.58:643][875]LogEditorViewport: Clicking on Actor (LMB): StaticMeshActor (Floor)
[2018.01.31-02.41.00:337][ 69]LogEditorViewport: Clicking on Actor (LMB): StaticMeshActor (EditorCube9)
[2018.01.31-02.41.04:544][546]LogEditorViewport: Clicking on Actor (LMB): TextRenderActor (TemplateLabel)
[2018.01.31-02.41.05:782][680]LogEditorViewport: Clicking on Actor (LMB): StaticMeshActor (EditorCube10)
[2018.01.31-02.41.09:372][ 91]LogEditorViewport: Clicking on Actor (LMB): StaticMeshActor (Floor)
[2018.01.31-02.41.11:385][323]LogEditorViewport: Clicking on Actor (LMB): StaticMeshActor (EditorCube8)
[2018.01.31-02.41.15:402][784]LogEditorViewport: Clicking on Actor (LMB): TextRenderActor (TemplateLabel)
[2018.01.31-02.41.17:220][993]LogEditorViewport: Clicking on Actor (LMB): StaticMeshActor (Floor)
[2018.01.31-02.41.26:877][990]SourceControl: On branch master
[2018.01.31-02.41.26:877][990]SourceControl: Your branch is up to date with 'origin/master'.
[2018.01.31-02.41.26:877][990]SourceControl: Changes not staged for commit:
[2018.01.31-02.41.26:877][990]SourceControl:   (use "git add <file>..." to update what will be committed)
[2018.01.31-02.41.26:877][990]SourceControl:   (use "git checkout -- <file>..." to discard changes in working directory)
[2018.01.31-02.41.26:877][990]SourceControl: 	modified:   NewGame1/Intermediate/CachedAssetRegistry.bin
[2018.01.31-02.41.26:877][990]SourceControl: 	modified:   NewGame1/Saved/Config/Windows/EditorPerProjectUserSettings.ini
[2018.01.31-02.41.26:877][990]SourceControl: 	modified:   NewGame1/Saved/Config/Windows/Engine.ini
[2018.01.31-02.41.26:877][990]SourceControl: 	modified:   NewGame1/Saved/Logs/NewGame1.log
[2018.01.31-02.41.26:877][990]SourceControl: Untracked files:
[2018.01.31-02.41.26:877][990]SourceControl:   (use "git add <file>..." to include in what will be committed)
[2018.01.31-02.41.26:877][990]SourceControl: 	NewGame1/Saved/Config/CrashReportClient/UE4CC-Windows-B1D992954FE666703D047197B9F75947/
[2018.01.31-02.41.26:877][990]SourceControl: 	NewGame1/Saved/Logs/NewGame1-backup-2018.01.30-21.38.01.log
[2018.01.31-02.41.26:877][990]SourceControl: no changes added to commit (use "git add" and/or "git commit -a")
[2018.01.31-02.41.34:411][823]SourceControl: fatal: C:/Program Files/Epic Games/UE_4.18/Engine/Content/: 'C:/Program Files/Epic Games/UE_4.18/Engine/Content/' is outside repository
[2018.01.31-02.41.34:534][823]EditorErrors: Warning: No assets to check in!
[2018.01.31-02.42.10:409][875]LogSavePackage: Save=226.80ms
[2018.01.31-02.42.10:409][875]LogSavePackage: Moving '../../../../../../Users/Ryan/Documents/Unreal Projects/Twisted_Fate/NewGame1/NewGame1/Saved/FirstPersonExampleMapBBE901D94AC9B6FF4CE552B3269F30E8.tmp' to '../../../../../../Users/Ryan/Documents/Unreal Projects/Twisted_Fate/NewGame1/NewGame1/Content/FirstPersonBP/Maps/FirstPersonExampleMap.umap'
[2018.01.31-02.42.10:413][875]LogSavePackage: Display: Finished SavePackage ../../../../../../Users/Ryan/Documents/Unreal Projects/Twisted_Fate/NewGame1/NewGame1/Content/FirstPersonBP/Maps/FirstPersonExampleMap.umap
[2018.01.31-02.42.10:465][875]LogFileHelpers: Saving map 'FirstPersonExampleMap' took 0.485
[2018.01.31-02.42.24:777][563]SourceControl: fatal: C:/Program Files/Epic Games/UE_4.18/Engine/Content/: 'C:/Program Files/Epic Games/UE_4.18/Engine/Content/' is outside repository
[2018.01.31-02.42.35:073][563]LogSourceControl: FGitCheckInWorker: commit successful
[2018.01.31-02.42.35:201][563]SourceControl: [master 94ecabf] update
[2018.01.31-02.42.35:201][563]SourceControl:  1 file changed, 0 insertions(+), 0 deletions(-)
[2018.01.31-02.42.35:212][563]SourceControl: Commited [master 94ecabf] update.
[2018.01.31-02.45.07:889][366]LogEditorViewport: Clicking on Actor (LMB): StaticMeshActor (Floor)
[2018.01.31-02.45.08:526][440]LogEditorViewport: Clicking on Actor (LMB): StaticMeshActor (Wall1)
[2018.01.31-02.45.09:772][583]LogEditorViewport: Clicking on Actor (LMB): StaticMeshActor (Wall4)
[2018.01.31-02.45.18:448][613]LogEditorViewport: Clicking on Actor (context menu): StaticMeshActor (Wall4)
[2018.01.31-02.45.28:222][748]LogEditorViewport: Clicking on Actor (context menu): StaticMeshActor (Wall1)
[2018.01.31-02.45.29:366][876]LogEditorViewport: Clicking on Actor (context menu): BP_Sky_Sphere_C (SkySphereBlueprint)
[2018.01.31-02.45.30:624][ 13]LogEditorViewport: Clicking on Actor (LMB): BP_Sky_Sphere_C (SkySphereBlueprint)
[2018.01.31-02.45.43:552][534]LogEditorViewport: Clicking on Actor (LMB): StaticMeshActor (BigWall)
[2018.01.31-02.45.44:602][649]LogEditorViewport: Clicking on Actor (LMB): StaticMeshActor (Floor)
[2018.01.31-02.45.45:389][737]LogEditorViewport: Clicking on Actor (LMB): StaticMeshActor (Floor)
[2018.01.31-02.45.53:557][709]LogEditorViewport: Clicking on Actor (context menu): StaticMeshActor (Floor)
[2018.01.31-02.45.59:109][367]LogEditorViewport: Clicking on Actor (context menu): StaticMeshActor (Wall4)
[2018.01.31-02.46.00:073][473]LogEditorViewport: Clicking on Actor (LMB): BP_Sky_Sphere_C (SkySphereBlueprint)
[2018.01.31-02.48.40:951][747]LogEditorViewport: Clicking on Actor (LMB): BP_Sky_Sphere_C (SkySphereBlueprint)
[2018.01.31-02.48.43:869][ 43]LogSavePackage: Save=147.04ms
[2018.01.31-02.48.43:869][ 43]LogSavePackage: Moving '../../../../../../Users/Ryan/Documents/Unreal Projects/Twisted_Fate/NewGame1/NewGame1/Saved/FirstPersonExampleMapEDAA8FAB41AA838E7EB23EACA14CE000.tmp' to '../../../../../../Users/Ryan/Documents/Unreal Projects/Twisted_Fate/NewGame1/NewGame1/Content/FirstPersonBP/Maps/FirstPersonExampleMap.umap'
[2018.01.31-02.48.43:873][ 43]LogSavePackage: Display: Finished SavePackage ../../../../../../Users/Ryan/Documents/Unreal Projects/Twisted_Fate/NewGame1/NewGame1/Content/FirstPersonBP/Maps/FirstPersonExampleMap.umap
[2018.01.31-02.48.49:370][675]SourceControl: fatal: C:/Program Files/Epic Games/UE_4.18/Engine/Content/: 'C:/Program Files/Epic Games/UE_4.18/Engine/Content/' is outside repository
[2018.01.31-02.48.59:113][675]LogSourceControl: FGitCheckInWorker: commit successful
[2018.01.31-02.48.59:244][675]SourceControl: [master 707493e] update
[2018.01.31-02.48.59:244][675]SourceControl:  1 file changed, 0 insertions(+), 0 deletions(-)
[2018.01.31-02.48.59:251][675]SourceControl: Commited [master 707493e] update.
[2018.01.31-02.49.41:208][342]LogEditorViewport: Clicking on Actor (LMB): StaticMeshActor (Floor)
[2018.01.31-02.54.37:182][953]LogEditorViewport: Clicking on Actor (context menu): PostProcessVolume (PostProcessVolume)
[2018.01.31-02.54.38:950][127]LogEditorViewport: Clicking on Actor (LMB): StaticMeshActor (Floor)
[2018.01.31-02.54.39:731][209]LogEditorViewport: Clicking on Actor (context menu): TextRenderActor (TemplateLabel)
[2018.01.31-02.54.51:584][570]Cmd: DELETE
[2018.01.31-02.54.51:585][570]Cmd: ACTOR DELETE
[2018.01.31-02.54.51:853][570]LogEditorActor: Deleted Actor: TextRenderActor
[2018.01.31-02.54.51:865][570]LogEditorActor: Deleted 1 Actors (0.061 secs)
[2018.01.31-02.55.17:132][ 53]LogSavePackage: Save=140.49ms
[2018.01.31-02.55.17:132][ 53]LogSavePackage: Moving '../../../../../../Users/Ryan/Documents/Unreal Projects/Twisted_Fate/NewGame1/NewGame1/Saved/FirstPersonExampleMap9A2BC21142B68584266FE7A2FF86BBC6.tmp' to '../../../../../../Users/Ryan/Documents/Unreal Projects/Twisted_Fate/NewGame1/NewGame1/Content/FirstPersonBP/Maps/FirstPersonExampleMap.umap'
[2018.01.31-02.55.17:136][ 53]LogSavePackage: Display: Finished SavePackage ../../../../../../Users/Ryan/Documents/Unreal Projects/Twisted_Fate/NewGame1/NewGame1/Content/FirstPersonBP/Maps/FirstPersonExampleMap.umap
[2018.01.31-02.55.17:152][ 53]LogFileHelpers: Saving map 'FirstPersonExampleMap' took 0.316
[2018.01.31-02.55.17:153][ 53]LogSlate: Took 0.000136 seconds to synchronously load lazily loaded font '../../../Engine/Content/Slate/Fonts/Roboto-Regular.ttf' (155K)
[2018.01.31-02.55.17:159][ 53]Cmd: MAP LOAD FILE="../../../../../../Users/Ryan/Documents/Unreal Projects/Twisted_Fate/NewGame1/NewGame1/Content/FirstPersonBP/Maps/FirstPersonExampleMap.umap" TEMPLATE=0 SHOWPROGRESS=1 FEATURELEVEL=3
[2018.01.31-02.55.17:159][ 53]LightingResults: New page: Lighting Build
[2018.01.31-02.55.17:160][ 53]LoadErrors: New page: Loading map: FirstPersonExampleMap.umap
[2018.01.31-02.55.17:160][ 53]MapCheck: New page: Map Check
[2018.01.31-02.55.17:160][ 53]LightingResults: New page: Lighting Build
[2018.01.31-02.55.17:252][ 53]LogAIModule: Creating AISystem for world FirstPersonExampleMap
[2018.01.31-02.55.17:322][ 53]LogEditorServer: Finished looking for orphan Actors (0.000 secs)
[2018.01.31-02.55.17:343][ 53]Cmd: MAP CHECKDEP NOCLEARLOG
[2018.01.31-02.55.17:403][ 53]MapCheck: Map check complete: 0 Error(s), 0 Warning(s), took 60.168ms to complete.
[2018.01.31-02.55.17:404][ 53]LogFileHelpers: Loading map 'FirstPersonExampleMap' took 0.246
[2018.01.31-02.55.20:008][361]LogEditorViewport: Clicking on Actor (context menu): StaticMeshActor (Floor)
[2018.01.31-02.55.42:245][595]LogSourceControl: FGitCheckInWorker: commit successful
[2018.01.31-02.55.42:375][595]SourceControl: [master dd87496] update?
[2018.01.31-02.55.42:375][595]SourceControl:  1 file changed, 0 insertions(+), 0 deletions(-)
[2018.01.31-02.55.42:386][595]SourceControl: Commited [master dd87496] update?.
[2018.01.31-02.56.49:765][777]SourceControl: fatal: C:/Program Files/Epic Games/UE_4.18/Engine/Content/: 'C:/Program Files/Epic Games/UE_4.18/Engine/Content/' is outside repository
[2018.01.31-02.56.49:889][777]EditorErrors: Warning: No assets to check in!
[2018.01.31-02.58.10:033][471]LogSourceControl: Writed 'C:/Users/Ryan/Documents/Unreal Projects/Twisted_Fate/NewGame1/NewGame1/Saved/Diff/temp-dd874967a7da380c43b03438f185d8fdc60812a7-FirstPersonExampleMap.umap' (8816581o)
[2018.01.31-02.58.10:101][471]LogAIModule: Creating AISystem for world temp-dd874967a7da380c43b03438f185d8fdc60812a7-FirstPersonExampleMap
[2018.01.31-03.03.43:361][613]MapCheck: New page: Map Check
[2018.01.31-03.03.43:418][613]Cmd: MAP REBUILD ALLVISIBLE
[2018.01.31-03.03.43:419][613]LogEditorServer: Rebuildmap Clear paths rebuilt
[2018.01.31-03.03.43:607][613]LogMaterial: Missing cached shader map for material FDebugViewModeMaterialProxy WorldGridMaterial, compiling. Is special engine material.
[2018.01.31-03.03.43:696][613]LogMaterial: Missing cached shader map for material FDebugViewModeMaterialProxy MaterialInstanceDynamic_1, compiling. 
[2018.01.31-03.03.43:704][613]LogMaterial: Missing cached shader map for material FDebugViewModeMaterialProxy CubeMaterialOverride, compiling. 
[2018.01.31-03.03.43:710][613]LogMaterial: Missing cached shader map for material FDebugViewModeMaterialProxy M_CobbleStone_Rough, compiling. 
[2018.01.31-03.03.43:719][613]LogMaterial: Missing cached shader map for material FDebugViewModeMaterialProxy CubeMaterial, compiling. 
[2018.01.31-03.03.43:725][613]LogMaterial: Missing cached shader map for material FDebugViewModeMaterialProxy MatineeCam_mat, compiling. 
[2018.01.31-03.03.43:731][613]LogMaterial: Missing cached shader map for material FDebugViewModeMaterialProxy M_FPGun, compiling. 
[2018.01.31-03.03.43:741][613]LogMaterial: Missing cached shader map for material FDebugViewModeMaterialProxy M_UE4Man_Body, compiling. 
[2018.01.31-03.03.57:430][613]TextureStreamingBuild: Display: Compiling optional shaders took 13.833 seconds.
[2018.01.31-03.03.57:572][613]LogLevel: Display: Export Material TexCoord Scales took 0.142 seconds.
[2018.01.31-03.03.57:585][613]TextureStreamingBuild: Display: Build Texture Streaming took 0.013 seconds.
[2018.01.31-03.03.57:620][613]LightingResults: New page: Lighting Build - Jan 30, 2018, 5:03:57 PM
[2018.01.31-03.03.57:878][613]LogSwarmInterface: [OpenConnection] Registering TCP channel ...
[2018.01.31-03.03.58:055][613]LogSwarmInterface: [OpenConnection] Connecting to agent ...
[2018.01.31-03.03.58:114][613]LogSwarmInterface: [TryOpenConnection] Testing the Agent
[2018.01.31-03.04.00:026][613]LogSwarmInterface: [TryOpenConnection] Opening Connection to Agent
[2018.01.31-03.04.00:026][613]LogSwarmInterface: [TryOpenConnection] Local Process ID is 27132
[2018.01.31-03.04.03:282][613]LogStaticLightingSystem: Running Lightmass w/ ImmediateImport mode ENABLED
[2018.01.31-03.04.03:282][613]LogStaticLightingSystem: Running Lightmass w/ ImmediateProcess mode ENABLED
[2018.01.31-03.04.03:282][613]LogStaticLightingSystem: Running Lightmass w/ Sorting mode ENABLED
[2018.01.31-03.04.03:282][613]LogStaticLightingSystem: Running Lightmass w/ Mapping paddings ENABLED
[2018.01.31-03.04.03:282][613]LogStaticLightingSystem: Running Lightmass w/ Mapping debug paddings DISABLED
[2018.01.31-03.04.03:709][613]Cmd: MAP CHECK DONTDISPLAYDIALOG
[2018.01.31-03.04.03:709][613]MapCheck: New page: FirstPersonExampleMap - Jan 30, 2018, 5:04:03 PM
[2018.01.31-03.04.03:762][613]MapCheck: Error: WorldInfo_0 Maps need lighting rebuilt 
[2018.01.31-03.04.03:857][613]MapCheck: Map check complete: 1 Error(s), 0 Warning(s), took 147.491ms to complete.
[2018.01.31-03.04.03:879][613]LogEditorBuildUtils: Build time 0:20
[2018.01.31-03.04.04:151][614]LogMaterial: Missing cached shader map for material FLightmassMaterialRenderer M_CobbleStone_Rough, compiling. 
[2018.01.31-03.04.04:168][614]LogMaterial: Missing cached shader map for material FLightmassMaterialRenderer M_CobbleStone_Rough, compiling. 
[2018.01.31-03.04.04:209][615]LogMaterial: Missing cached shader map for material FLightmassMaterialRenderer CubeMaterial, compiling. 
[2018.01.31-03.04.04:215][615]LogMaterial: Missing cached shader map for material FLightmassMaterialRenderer CubeMaterial, compiling. 
[2018.01.31-03.05.12:634][298]LogSavePackage: Save=166.08ms
[2018.01.31-03.05.12:634][298]LogSavePackage: Moving '../../../../../../Users/Ryan/Documents/Unreal Projects/Twisted_Fate/NewGame1/NewGame1/Saved/FirstPersonExampleMap_Auto11F7455FA414EE13C74DFA2AE917A18F8.tmp' to '../../../../../../Users/Ryan/Documents/Unreal Projects/Twisted_Fate/NewGame1/NewGame1/Saved/Autosaves/Game/FirstPersonBP/Maps/FirstPersonExampleMap_Auto1.umap'
[2018.01.31-03.05.12:635][298]LogSavePackage: Display: Finished SavePackage ../../../../../../Users/Ryan/Documents/Unreal Projects/Twisted_Fate/NewGame1/NewGame1/Saved/Autosaves/Game/FirstPersonBP/Maps/FirstPersonExampleMap_Auto1.umap
[2018.01.31-03.05.12:638][298]LogFileHelpers: Editor autosave (incl. sublevels) for '/Game/FirstPersonBP/Maps/FirstPersonExampleMap' took 0.296
[2018.01.31-03.05.12:638][298]LogFileHelpers: Editor autosave (incl. sublevels) for all levels took 0.296
[2018.01.31-03.05.40:733][744]LogSavePackage: Save=11.73ms
[2018.01.31-03.05.40:733][744]LogSavePackage: Moving '../../../../../../Users/Ryan/Documents/Unreal Projects/Twisted_Fate/NewGame1/NewGame1/Saved/Twisted_FateF13A7C62411D168E3DEF73A71CAC1DD9.tmp' to '../../../../../../Users/Ryan/Documents/Unreal Projects/Twisted_Fate/NewGame1/NewGame1/Content/FirstPersonBP/Maps/Twisted_Fate.umap'
[2018.01.31-03.05.40:736][744]LogSavePackage: Display: Finished SavePackage ../../../../../../Users/Ryan/Documents/Unreal Projects/Twisted_Fate/NewGame1/NewGame1/Content/FirstPersonBP/Maps/Twisted_Fate.umap
[2018.01.31-03.05.41:201][744]LogFileHelpers: Saving map 'Twisted_Fate' took 0.560
[2018.01.31-03.05.54:705][987]LogSavePackage: Save=177.70ms
[2018.01.31-03.05.54:705][987]LogSavePackage: Moving '../../../../../../Users/Ryan/Documents/Unreal Projects/Twisted_Fate/NewGame1/NewGame1/Saved/FirstPersonExampleMap90D5495F47458217CAE1D483B631FD8A.tmp' to '../../../../../../Users/Ryan/Documents/Unreal Projects/Twisted_Fate/NewGame1/NewGame1/Content/FirstPersonBP/Maps/FirstPersonExampleMap.umap'
[2018.01.31-03.05.54:715][987]LogSavePackage: Display: Finished SavePackage ../../../../../../Users/Ryan/Documents/Unreal Projects/Twisted_Fate/NewGame1/NewGame1/Content/FirstPersonBP/Maps/FirstPersonExampleMap.umap
[2018.01.31-03.05.54:729][987]LogFileHelpers: Saving map 'FirstPersonExampleMap' took 0.296
[2018.01.31-03.10.13:337][176]Job is a success!
[2018.01.31-03.10.13:828][177]LogVolumetricLightmapImport: Imported Volumetric Lightmap in 0.075s
[2018.01.31-03.10.13:828][177]LogVolumetricLightmapImport:      Indirection Texture 16x16x16 = 0.0Mb
[2018.01.31-03.10.13:828][177]LogVolumetricLightmapImport:      BrickData 340x5x5 = 0.3Mb
[2018.01.31-03.10.13:828][177]LogVolumetricLightmapImport:      Bricks at Level
[2018.01.31-03.10.13:828][177]LogVolumetricLightmapImport:          0: 1.5% covering 100.0% of volume
[2018.01.31-03.10.13:828][177]LogVolumetricLightmapImport:          1: 5.9% covering 6.3% of volume
[2018.01.31-03.10.13:828][177]LogVolumetricLightmapImport:          2: 92.6% covering 1.5% of volume
[2018.01.31-03.10.24:977][177]LogTexture: Display: Building textures: SkyOcclusion0_1 (AutoDXT, 2048X1024)
[2018.01.31-03.10.24:977][177]LogTexture: Display: Building textures: HQ_Lightmap0_1 (AutoDXT, 2048X2048)
[2018.01.31-03.10.24:977][177]LogTexture: Display: Building textures: LQ_Lightmap_0_1 (DXT1, 2048X2048)
[2018.01.31-03.10.24:977][177]LogTexture: Display: Building textures: SkyOcclusion0_2 (AutoDXT, 2048X1024)
[2018.01.31-03.10.24:977][177]LogTexture: Display: Building textures: HQ_Lightmap0_2 (AutoDXT, 2048X2048)
[2018.01.31-03.10.24:977][177]LogTexture: Display: Building textures: LQ_Lightmap_0_2 (DXT1, 2048X2048)
[2018.01.31-03.10.24:977][177]LogTexture: Display: Building textures: SkyOcclusion0_3 (AutoDXT, 2048X1024)
[2018.01.31-03.10.24:977][177]LogTexture: Display: Building textures: HQ_Lightmap0_3 (AutoDXT, 2048X2048)
[2018.01.31-03.10.24:977][177]LogTexture: Display: Building textures: LQ_Lightmap_0_3 (DXT1, 2048X2048)
[2018.01.31-03.10.24:977][177]LogTexture: Display: Building textures: SkyOcclusion0_4 (AutoDXT, 2048X1024)
[2018.01.31-03.10.24:977][177]LogTexture: Display: Building textures: HQ_Lightmap0_4 (AutoDXT, 2048X2048)
[2018.01.31-03.10.24:977][177]LogTexture: Display: Building textures: LQ_Lightmap_0_4 (DXT1, 2048X2048)
[2018.01.31-03.10.24:978][177]LogTexture: Display: Building textures: SkyOcclusion0_5 (AutoDXT, 64X32)
[2018.01.31-03.10.24:978][177]LogTexture: Display: Building textures: HQ_Lightmap0_5 (AutoDXT, 64X64)
[2018.01.31-03.10.24:978][177]LogTexture: Display: Building textures: LQ_Lightmap_0_5 (DXT1, 64X64)
[2018.01.31-03.10.26:531][177]LogTexture: Display: Building textures: ShadowMapTexture2D_1 (G8, 1024X1024)
[2018.01.31-03.10.26:531][177]LogTexture: Display: Building textures: ShadowMapTexture2D_0 (G8, 1024X1024)
[2018.01.31-03.10.26:531][177]LogTexture: Display: Building textures: ShadowMapTexture2D_2 (G8, 1024X1024)
[2018.01.31-03.10.26:531][177]LogTexture: Display: Building textures: ShadowMapTexture2D_3 (G8, 1024X1024)
[2018.01.31-03.10.26:531][177]LogTexture: Display: Building textures: ShadowMapTexture2D_7 (G8, 32X32)
[2018.01.31-03.10.26:531][177]LogTexture: Display: Building textures: ShadowMapTexture2D_4 (G8, 1024X1024)
[2018.01.31-03.10.26:531][177]LogTexture: Display: Building textures: ShadowMapTexture2D_5 (G8, 1024X1024)
[2018.01.31-03.10.26:531][177]LogTexture: Display: Building textures: ShadowMapTexture2D_6 (G8, 1024X1024)
[2018.01.31-03.10.26:750][177]Lightmass on RYAN: 6:15 min total, 722 ms importing, 176 ms setup, 56.4 sec photons, 5:17 min processing, 0 ms extra exporting [8/8 mappings]. Threads: 21:10 min total, 14:42 min processing.
[2018.01.31-03.10.26:821][177]LogStaticLightingSystem: Illumination: 6:28 min (10.5 sec encoding lightmaps, 1.55 sec encoding shadowmaps)
[2018.01.31-03.10.26:821][177]LogStaticLightingSystem: Lightmap texture memory:  42.7 MB (42.7 MB streaming, 0.0 MB non-streaming), 10 textures
[2018.01.31-03.10.26:821][177]LogStaticLightingSystem: Shadowmap texture memory: 9.3 MB (9.3 MB streaming, 0.0 MB non-streaming), 8 textures
[2018.01.31-03.10.27:643][177]DumpUnbuiltLightIteractions
[2018.01.31-03.10.27:643][177]Lights with unbuilt interactions: 0
[2018.01.31-03.10.27:643][177]
[2018.01.31-03.10.27:643][177]Primitives with unbuilt interactions: 0
[2018.01.31-03.10.27:681][178]Cmd: MAP CHECK NOTIFYRESULTS
[2018.01.31-03.10.27:681][178]MapCheck: New page: FirstPersonExampleMap - Jan 30, 2018, 5:10:27 PM
[2018.01.31-03.10.27:895][178]MapCheck: Map check complete: 0 Error(s), 0 Warning(s), took 214.764ms to complete.
[2018.01.31-03.10.28:232][179]LogD3D11RHI: Timed out while waiting for GPU to catch up. (500 ms)
[2018.01.31-03.10.58:247][ 76]Cmd: MAP LOAD FILE="../../../../../../Users/Ryan/Documents/Unreal Projects/Twisted_Fate/NewGame1/NewGame1/Content/FirstPersonBP/Maps/Twisted_Fate.umap" TEMPLATE=0 SHOWPROGRESS=1 FEATURELEVEL=3
[2018.01.31-03.10.58:249][ 76]LightingResults: New page: Lighting Build
[2018.01.31-03.10.58:250][ 76]LoadErrors: New page: Loading map: Twisted_Fate.umap
[2018.01.31-03.10.58:252][ 76]MapCheck: New page: Map Check
[2018.01.31-03.10.58:252][ 76]LightingResults: New page: Lighting Build
[2018.01.31-03.10.58:439][ 76]LogEditorServer: Finished looking for orphan Actors (0.000 secs)
[2018.01.31-03.10.58:439][ 76]LogAIModule: Creating AISystem for world Twisted_Fate
[2018.01.31-03.10.58:483][ 76]Cmd: MAP CHECKDEP NOCLEARLOG
[2018.01.31-03.10.58:555][ 76]MapCheck: Map check complete: 0 Error(s), 0 Warning(s), took 71.831ms to complete.
[2018.01.31-03.10.58:556][ 76]LogFileHelpers: Loading map 'Twisted_Fate' took 0.309
[2018.01.31-03.11.07:817][544]Cmd: MAP LOAD FILE="../../../Engine/Content/Maps/Templates/VR-Basic.umap" TEMPLATE=1 SHOWPROGRESS=1 FEATURELEVEL=3
[2018.01.31-03.11.07:859][544]LightingResults: New page: Lighting Build
[2018.01.31-03.11.07:861][544]LoadErrors: New page: Loading map: VR-Basic.umap
[2018.01.31-03.11.07:862][544]MapCheck: New page: Map Check
[2018.01.31-03.11.07:862][544]LightingResults: New page: Lighting Build
[2018.01.31-03.11.08:218][544]LogAIModule: Creating AISystem for world Untitled_1
[2018.01.31-03.11.08:274][544]LogEditorServer: Finished looking for orphan Actors (0.000 secs)
[2018.01.31-03.11.08:286][544]Cmd: MAP CHECKDEP NOCLEARLOG
[2018.01.31-03.11.08:358][544]MapCheck: Map check complete: 0 Error(s), 0 Warning(s), took 72.329ms to complete.
[2018.01.31-03.11.08:358][544]LogFileHelpers: Loading map 'VR-Basic' took 0.542
[2018.01.31-03.11.30:885][359]Cmd: MAP LOAD FILE="../../../Engine/Content/Maps/Templates/Template_Default.umap" TEMPLATE=1 SHOWPROGRESS=1 FEATURELEVEL=3
[2018.01.31-03.11.30:933][359]LightingResults: New page: Lighting Build
[2018.01.31-03.11.30:934][359]LoadErrors: New page: Loading map: Template_Default.umap
[2018.01.31-03.11.30:935][359]MapCheck: New page: Map Check
[2018.01.31-03.11.30:935][359]LightingResults: New page: Lighting Build
[2018.01.31-03.11.31:040][359]LogAIModule: Creating AISystem for world Untitled_2
[2018.01.31-03.11.31:100][359]LogEditorServer: Finished looking for orphan Actors (0.000 secs)
[2018.01.31-03.11.31:117][359]Cmd: MAP CHECKDEP NOCLEARLOG
[2018.01.31-03.11.31:192][359]MapCheck: Map check complete: 0 Error(s), 0 Warning(s), took 74.67ms to complete.
[2018.01.31-03.11.31:192][359]LogFileHelpers: Loading map 'Template_Default' took 0.309
[2018.01.31-03.11.42:261][322]LogEditorViewport: Clicking on Actor (LMB): StaticMeshActor (Floor)
[2018.01.31-03.11.43:353][406]Cmd: DELETE
[2018.01.31-03.11.43:353][406]Cmd: ACTOR DELETE
[2018.01.31-03.11.43:354][406]LogEditorActor: Deleted Actor: StaticMeshActor
[2018.01.31-03.11.43:388][406]LogEditorActor: Deleted 1 Actors (0.035 secs)
[2018.01.31-03.11.43:789][429]SourceControl: fatal: /Temp/Untitled_2: '/Temp/Untitled_2' is outside repository
[2018.01.31-03.11.46:430][587]LogTexture: Display: Building textures: Texture2D_2 (G8, 128X128)
[2018.01.31-03.11.52:477][ 14]SourceControl: fatal: C:/Program Files/Epic Games/UE_4.18/Engine/Content/VREditor/UI/ArrowMaterial.uasset: 'C:/Program Files/Epic Games/UE_4.18/Engine/Content/VREditor/UI/ArrowMaterial.uasset' is outside repository
[2018.01.31-03.11.52:491][ 15]SourceControl: fatal: C:/Program Files/Epic Games/UE_4.18/Engine/Content/EngineMeshes/BackgroundMaterial.uasset: 'C:/Program Files/Epic Games/UE_4.18/Engine/Content/EngineMeshes/BackgroundMaterial.uasset' is outside repository
[2018.01.31-03.11.52:595][ 21]SourceControl: fatal: C:/Program Files/Epic Games/UE_4.18/Engine/Content/Functions/Engine_MaterialFunctions02/ExampleContent/3dParticleOpacity_Mat.uasset: 'C:/Program Files/Epic Games/UE_4.18/Engine/Content/Functions/Engine_MaterialFunctions02/ExampleContent/3dParticleOpacity_Mat.uasset' is outside repository
[2018.01.31-03.11.52:595][ 21]SourceControl: fatal: C:/Program Files/Epic Games/UE_4.18/Engine/Content/MaterialTemplates/VertexAnimation/AdvancedFlag.uasset: 'C:/Program Files/Epic Games/UE_4.18/Engine/Content/MaterialTemplates/VertexAnimation/AdvancedFlag.uasset' is outside repository
[2018.01.31-03.11.52:596][ 21]SourceControl: fatal: C:/Program Files/Epic Games/UE_4.18/Engine/Content/EditorLandscapeResources/AlphaBrushMaterial.uasset: 'C:/Program Files/Epic Games/UE_4.18/Engine/Content/EditorLandscapeResources/AlphaBrushMaterial.uasset' is outside repository
[2018.01.31-03.11.52:596][ 21]SourceControl: fatal: C:/Program Files/Epic Games/UE_4.18/Engine/Content/BufferVisualization/AmbientOcclusion.uasset: 'C:/Program Files/Epic Games/UE_4.18/Engine/Content/BufferVisualization/AmbientOcclusion.uasset' is outside repository
[2018.01.31-03.11.52:596][ 21]SourceControl: fatal: C:/Program Files/Epic Games/UE_4.18/Engine/Content/EngineMaterials/AntiAliasedTextMaterialTranslucent.uasset: 'C:/Program Files/Epic Games/UE_4.18/Engine/Content/EngineMaterials/AntiAliasedTextMaterialTranslucent.uasset' is outside repository
[2018.01.31-03.11.52:596][ 21]SourceControl: fatal: C:/Program Files/Epic Games/UE_4.18/Engine/Plugins/Runtime/AppleARKit/Content/ARKitCameraMaterial.uasset: 'C:/Program Files/Epic Games/UE_4.18/Engine/Plugins/Runtime/AppleARKit/Content/ARKitCameraMaterial.uasset' is outside repository
[2018.01.31-03.11.52:873][ 39]SourceControl: fatal: C:/Program Files/Epic Games/UE_4.18/Engine/Content/BufferVisualization/BaseColor.uasset: 'C:/Program Files/Epic Games/UE_4.18/Engine/Content/BufferVisualization/BaseColor.uasset' is outside repository
[2018.01.31-03.11.52:911][ 42]SourceControl: fatal: C:/Program Files/Epic Games/UE_4.18/Engine/Content/EngineMaterials/BaseFlattenMaterial.uasset: 'C:/Program Files/Epic Games/UE_4.18/Engine/Content/EngineMaterials/BaseFlattenMaterial.uasset' is outside repository
[2018.01.31-03.11.53:350][ 72]SourceControl: fatal: C:/Program Files/Epic Games/UE_4.18/Engine/Content/MapTemplates/Materials/BasicAsset02.uasset: 'C:/Program Files/Epic Games/UE_4.18/Engine/Content/MapTemplates/Materials/BasicAsset02.uasset' is outside repository
[2018.01.31-03.11.53:407][ 77]SourceControl: fatal: C:/Program Files/Epic Games/UE_4.18/Engine/Content/MapTemplates/Materials/BasicAsset01.uasset: 'C:/Program Files/Epic Games/UE_4.18/Engine/Content/MapTemplates/Materials/BasicAsset01.uasset' is outside repository
[2018.01.31-03.11.55:790][245]SourceControl: fatal: C:/Program Files/Epic Games/UE_4.18/Engine/Content/EngineDebugMaterials/BlackUnlitMaterial.uasset: 'C:/Program Files/Epic Games/UE_4.18/Engine/Content/EngineDebugMaterials/BlackUnlitMaterial.uasset' is outside repository
[2018.01.31-03.11.55:791][245]SourceControl: fatal: C:/Program Files/Epic Games/UE_4.18/Engine/Content/EngineMaterials/BlinkingCaret.uasset: 'C:/Program Files/Epic Games/UE_4.18/Engine/Content/EngineMaterials/BlinkingCaret.uasset' is outside repository
[2018.01.31-03.11.55:791][245]SourceControl: fatal: C:/Program Files/Epic Games/UE_4.18/Engine/Content/EditorMaterials/Cascade/CASC_BackgroundCube_MAT.uasset: 'C:/Program Files/Epic Games/UE_4.18/Engine/Content/EditorMaterials/Cascade/CASC_BackgroundCube_MAT.uasset' is outside repository
[2018.01.31-03.12.08:965][222]LogTexture: Display: Building textures: Texture2D_0 (BGRA8, 512X512)
[2018.01.31-03.12.08:978][222]LogTexture: Display: Building textures: Texture2D_1 (BGRA8, 512X512)
[2018.01.31-03.12.09:021][222]LogTexture: Display: Building textures: Texture2D_2 (BGRA8, 512X512)
[2018.01.31-03.12.09:077][222]LogTexture: Display: Building textures: Texture2D_3 (BGRA8, 512X512)
[2018.01.31-03.12.09:089][222]LogTexture: Display: Building textures: Texture2D_4 (BGRA8, 512X512)
[2018.01.31-03.12.09:101][222]LogTexture: Display: Building textures: Texture2D_5 (BGRA8, 512X512)
[2018.01.31-03.12.09:113][222]LogTexture: Display: Building textures: Texture2D_6 (BGRA8, 512X512)
[2018.01.31-03.12.09:125][222]LogTexture: Display: Building textures: Texture2D_7 (BGRA8, 512X512)
[2018.01.31-03.12.09:137][222]LogTexture: Display: Building textures: Texture2D_8 (BGRA8, 512X512)
[2018.01.31-03.12.09:149][222]LogTexture: Display: Building textures: Texture2D_9 (BGRA8, 512X512)
[2018.01.31-03.12.09:165][222]LogTexture: Display: Building textures: Texture2D_10 (BGRA8, 512X512)
[2018.01.31-03.12.09:177][222]LogTexture: Display: Building textures: Texture2D_11 (BGRA8, 512X512)
[2018.01.31-03.12.09:189][222]LogTexture: Display: Building textures: Texture2D_12 (BGRA8, 512X512)
[2018.01.31-03.12.09:202][222]LogTexture: Display: Building textures: Texture2D_13 (BGRA8, 512X512)
[2018.01.31-03.12.09:215][222]LogTexture: Display: Building textures: Texture2D_14 (BGRA8, 512X512)
[2018.01.31-03.12.09:227][222]LogTexture: Display: Building textures: Texture2D_15 (BGRA8, 512X512)
[2018.01.31-03.13.25:694][467]SourceControl: fatal: /Temp/Untitled_2: '/Temp/Untitled_2' is outside repository
[2018.01.31-03.14.47:492][467]LogSavePackage: Save=28592.98ms
[2018.01.31-03.14.47:492][467]LogSavePackage: Moving '../../../../../../Users/Ryan/Documents/Unreal Projects/Twisted_Fate/NewGame1/NewGame1/Saved/Twisted_FateD7DFC53C4512FEE424A364B1CE303901.tmp' to '../../../../../../Users/Ryan/Documents/Unreal Projects/Twisted_Fate/NewGame1/NewGame1/Content/OurGame/Twisted_Fate.umap'
[2018.01.31-03.14.47:511][467]LogSavePackage: Display: Finished SavePackage ../../../../../../Users/Ryan/Documents/Unreal Projects/Twisted_Fate/NewGame1/NewGame1/Content/OurGame/Twisted_Fate.umap
[2018.01.31-03.14.48:937][467]LogSavePackage: Save=19.06ms
[2018.01.31-03.14.48:937][467]LogSavePackage: Moving '../../../../../../Users/Ryan/Documents/Unreal Projects/Twisted_Fate/NewGame1/NewGame1/Saved/Twisted_Fate_BuiltData072CA544442FD2614AD520852AD62431.tmp' to '../../../../../../Users/Ryan/Documents/Unreal Projects/Twisted_Fate/NewGame1/NewGame1/Content/OurGame/Twisted_Fate_BuiltData.uasset'
[2018.01.31-03.14.48:938][467]LogSavePackage: Display: Finished SavePackage ../../../../../../Users/Ryan/Documents/Unreal Projects/Twisted_Fate/NewGame1/NewGame1/Content/OurGame/Twisted_Fate_BuiltData.uasset
[2018.01.31-03.14.49:590][467]SourceControl: Error: The following paths are ignored by one of your .gitignore files:
[2018.01.31-03.14.49:590][467]SourceControl: Error: NewGame1/Content/OurGame/Twisted_Fate_BuiltData.uasset
[2018.01.31-03.14.49:590][467]SourceControl: Error: Use -f if you really want to add them.
[2018.01.31-03.14.49:606][467]LogFileHelpers: Saving map 'Twisted_Fate' took 30.847
[2018.01.31-03.14.50:509][520]SourceControl: fatal: /Temp/Untitled_2: '/Temp/Untitled_2' is outside repository
[2018.01.31-03.15.24:963][880]LogAIModule: Creating AISystem for world Twisted_Fate
[2018.01.31-03.15.42:637][321]SourceControl: fatal: C:/Program Files/Epic Games/UE_4.18/Engine/Content/: 'C:/Program Files/Epic Games/UE_4.18/Engine/Content/' is outside repository
[2018.01.31-03.15.59:493][321]LogSourceControl: FGitCheckInWorker: commit successful
[2018.01.31-03.15.59:960][321]SourceControl: [master b2e959a] New_Level
[2018.01.31-03.15.59:960][321]SourceControl:  3 files changed, 0 insertions(+), 0 deletions(-)
[2018.01.31-03.15.59:960][321]SourceControl:  create mode 100644 NewGame1/Content/FirstPersonBP/Maps/Twisted_Fate.umap
[2018.01.31-03.15.59:960][321]SourceControl:  create mode 100644 NewGame1/Content/OurGame/Twisted_Fate.umap
[2018.01.31-03.15.59:967][321]SourceControl: Commited [master b2e959a] New_Level.
